ERROR - 2025-12-09 00:17:11 --> Unknown column 'id_user' in 'where clause'
CRITICAL - 2025-12-09 00:17:11 --> Unknown column 'id_user' in 'where clause'
in SYSTEMPATH\Database\MySQLi\Connection.php on line 292.
 1 SYSTEMPATH\Database\MySQLi\Connection.php(292): mysqli->query('SELECT *
FROM `user`
WHERE `id_user` IS NULL
 LIMIT 1', 0)
 2 SYSTEMPATH\Database\BaseConnection.php(678): CodeIgniter\Database\MySQLi\Connection->execute('SELECT *
FROM `user`
WHERE `id_user` IS NULL
 LIMIT 1')
 3 SYSTEMPATH\Database\BaseConnection.php(606): CodeIgniter\Database\BaseConnection->simpleQuery('SELECT *
FROM `user`
WHERE `id_user` IS NULL
 LIMIT 1')
 4 SYSTEMPATH\Database\BaseBuilder.php(1585): CodeIgniter\Database\BaseConnection->query('SELECT *
FROM `user`
WHERE `id_user` IS NULL
 LIMIT 1', [], false)
 5 SYSTEMPATH\Model.php(249): CodeIgniter\Database\BaseBuilder->get()
 6 SYSTEMPATH\BaseModel.php(622): CodeIgniter\Model->doFirst()
 7 APPPATH\Models\UserModel.php(11): CodeIgniter\BaseModel->first()
 8 APPPATH\Controllers\Home.php(17): App\Models\UserModel->getUser(null)
 9 SYSTEMPATH\CodeIgniter.php(898): App\Controllers\Home->index()
10 SYSTEMPATH\CodeIgniter.php(468): CodeIgniter\CodeIgniter->runController(Object(App\Controllers\Home))
11 SYSTEMPATH\CodeIgniter.php(351): CodeIgniter\CodeIgniter->handleRequest(null, Object(Config\Cache), false)
12 FCPATH\index.php(55): CodeIgniter\CodeIgniter->run()
CRITICAL - 2025-12-09 00:20:14 --> Trying to access array offset on value of type null
in APPPATH\Views\home.php on line 20.
 1 APPPATH\Views\home.php(20): CodeIgniter\Debug\Exceptions->errorHandler(8, 'Trying to access array offset on value of type null', 'APPPATH\\Views\\home.php', 20, [...])
 2 SYSTEMPATH\View\View.php(213): include('APPPATH\\Views\\home.php')
 3 SYSTEMPATH\View\View.php(216): CodeIgniter\View\View->CodeIgniter\View\{closure}()
 4 SYSTEMPATH\Common.php(1135): CodeIgniter\View\View->render('home', [], true)
 5 APPPATH\Controllers\Home.php(23): view('home', [...])
 6 SYSTEMPATH\CodeIgniter.php(898): App\Controllers\Home->index()
 7 SYSTEMPATH\CodeIgniter.php(468): CodeIgniter\CodeIgniter->runController(Object(App\Controllers\Home))
 8 SYSTEMPATH\CodeIgniter.php(351): CodeIgniter\CodeIgniter->handleRequest(null, Object(Config\Cache), false)
 9 FCPATH\index.php(55): CodeIgniter\CodeIgniter->run()
CRITICAL - 2025-12-09 00:21:00 --> Trying to access array offset on value of type null
in APPPATH\Views\home.php on line 20.
 1 APPPATH\Views\home.php(20): CodeIgniter\Debug\Exceptions->errorHandler(8, 'Trying to access array offset on value of type null', 'APPPATH\\Views\\home.php', 20, [...])
 2 SYSTEMPATH\View\View.php(213): include('APPPATH\\Views\\home.php')
 3 SYSTEMPATH\View\View.php(216): CodeIgniter\View\View->CodeIgniter\View\{closure}()
 4 SYSTEMPATH\Common.php(1135): CodeIgniter\View\View->render('home', [], true)
 5 APPPATH\Controllers\Home.php(23): view('home', [...])
 6 SYSTEMPATH\CodeIgniter.php(898): App\Controllers\Home->index()
 7 SYSTEMPATH\CodeIgniter.php(468): CodeIgniter\CodeIgniter->runController(Object(App\Controllers\Home))
 8 SYSTEMPATH\CodeIgniter.php(351): CodeIgniter\CodeIgniter->handleRequest(null, Object(Config\Cache), false)
 9 FCPATH\index.php(55): CodeIgniter\CodeIgniter->run()
CRITICAL - 2025-12-09 00:22:20 --> Trying to access array offset on value of type null
in APPPATH\Views\home.php on line 20.
 1 APPPATH\Views\home.php(20): CodeIgniter\Debug\Exceptions->errorHandler(8, 'Trying to access array offset on value of type null', 'APPPATH\\Views\\home.php', 20, [...])
 2 SYSTEMPATH\View\View.php(213): include('APPPATH\\Views\\home.php')
 3 SYSTEMPATH\View\View.php(216): CodeIgniter\View\View->CodeIgniter\View\{closure}()
 4 SYSTEMPATH\Common.php(1135): CodeIgniter\View\View->render('home', [], true)
 5 APPPATH\Controllers\Home.php(23): view('home', [...])
 6 SYSTEMPATH\CodeIgniter.php(898): App\Controllers\Home->index()
 7 SYSTEMPATH\CodeIgniter.php(468): CodeIgniter\CodeIgniter->runController(Object(App\Controllers\Home))
 8 SYSTEMPATH\CodeIgniter.php(351): CodeIgniter\CodeIgniter->handleRequest(null, Object(Config\Cache), false)
 9 FCPATH\index.php(55): CodeIgniter\CodeIgniter->run()
CRITICAL - 2025-12-09 00:30:13 --> Trying to access array offset on value of type null
in APPPATH\Views\home.php on line 20.
 1 APPPATH\Views\home.php(20): CodeIgniter\Debug\Exceptions->errorHandler(8, 'Trying to access array offset on value of type null', 'APPPATH\\Views\\home.php', 20, [...])
 2 SYSTEMPATH\View\View.php(213): include('APPPATH\\Views\\home.php')
 3 SYSTEMPATH\View\View.php(216): CodeIgniter\View\View->CodeIgniter\View\{closure}()
 4 SYSTEMPATH\Common.php(1135): CodeIgniter\View\View->render('home', [], true)
 5 APPPATH\Controllers\Home.php(23): view('home', [...])
 6 SYSTEMPATH\CodeIgniter.php(898): App\Controllers\Home->index()
 7 SYSTEMPATH\CodeIgniter.php(468): CodeIgniter\CodeIgniter->runController(Object(App\Controllers\Home))
 8 SYSTEMPATH\CodeIgniter.php(351): CodeIgniter\CodeIgniter->handleRequest(null, Object(Config\Cache), false)
 9 FCPATH\index.php(55): CodeIgniter\CodeIgniter->run()
CRITICAL - 2025-12-09 00:30:48 --> Class 'App\Models\CoursesModel' not found
in APPPATH\Controllers\Courses.php on line 12.
 1 SYSTEMPATH\CodeIgniter.php(860): App\Controllers\Courses->__construct()
 2 SYSTEMPATH\CodeIgniter.php(459): CodeIgniter\CodeIgniter->createController()
 3 SYSTEMPATH\CodeIgniter.php(351): CodeIgniter\CodeIgniter->handleRequest(null, Object(Config\Cache), false)
 4 FCPATH\index.php(55): CodeIgniter\CodeIgniter->run()
 5 SYSTEMPATH\Commands\Server\rewrite.php(43): require_once('FCPATH\\index.php')
CRITICAL - 2025-12-09 00:31:00 --> Trying to access array offset on value of type null
in APPPATH\Views\home.php on line 20.
 1 APPPATH\Views\home.php(20): CodeIgniter\Debug\Exceptions->errorHandler(8, 'Trying to access array offset on value of type null', 'APPPATH\\Views\\home.php', 20, [...])
 2 SYSTEMPATH\View\View.php(213): include('APPPATH\\Views\\home.php')
 3 SYSTEMPATH\View\View.php(216): CodeIgniter\View\View->CodeIgniter\View\{closure}()
 4 SYSTEMPATH\Common.php(1135): CodeIgniter\View\View->render('home', [], true)
 5 APPPATH\Controllers\Home.php(23): view('home', [...])
 6 SYSTEMPATH\CodeIgniter.php(898): App\Controllers\Home->index()
 7 SYSTEMPATH\CodeIgniter.php(468): CodeIgniter\CodeIgniter->runController(Object(App\Controllers\Home))
 8 SYSTEMPATH\CodeIgniter.php(351): CodeIgniter\CodeIgniter->handleRequest(null, Object(Config\Cache), false)
 9 FCPATH\index.php(55): CodeIgniter\CodeIgniter->run()
CRITICAL - 2025-12-09 00:38:52 --> Trying to access array offset on value of type null
in APPPATH\Views\home.php on line 20.
 1 APPPATH\Views\home.php(20): CodeIgniter\Debug\Exceptions->errorHandler(8, 'Trying to access array offset on value of type null', 'APPPATH\\Views\\home.php', 20, [...])
 2 SYSTEMPATH\View\View.php(213): include('APPPATH\\Views\\home.php')
 3 SYSTEMPATH\View\View.php(216): CodeIgniter\View\View->CodeIgniter\View\{closure}()
 4 SYSTEMPATH\Common.php(1135): CodeIgniter\View\View->render('home', [], true)
 5 APPPATH\Controllers\Home.php(23): view('home', [...])
 6 SYSTEMPATH\CodeIgniter.php(898): App\Controllers\Home->index()
 7 SYSTEMPATH\CodeIgniter.php(468): CodeIgniter\CodeIgniter->runController(Object(App\Controllers\Home))
 8 SYSTEMPATH\CodeIgniter.php(351): CodeIgniter\CodeIgniter->handleRequest(null, Object(Config\Cache), false)
 9 FCPATH\index.php(55): CodeIgniter\CodeIgniter->run()
10 SYSTEMPATH\Commands\Server\rewrite.php(43): require_once('FCPATH\\index.php')
CRITICAL - 2025-12-09 00:39:34 --> Trying to access array offset on value of type null
in APPPATH\Views\home.php on line 20.
 1 APPPATH\Views\home.php(20): CodeIgniter\Debug\Exceptions->errorHandler(8, 'Trying to access array offset on value of type null', 'APPPATH\\Views\\home.php', 20, [...])
 2 SYSTEMPATH\View\View.php(213): include('APPPATH\\Views\\home.php')
 3 SYSTEMPATH\View\View.php(216): CodeIgniter\View\View->CodeIgniter\View\{closure}()
 4 SYSTEMPATH\Common.php(1135): CodeIgniter\View\View->render('home', [], true)
 5 APPPATH\Controllers\Home.php(23): view('home', [...])
 6 SYSTEMPATH\CodeIgniter.php(898): App\Controllers\Home->index()
 7 SYSTEMPATH\CodeIgniter.php(468): CodeIgniter\CodeIgniter->runController(Object(App\Controllers\Home))
 8 SYSTEMPATH\CodeIgniter.php(351): CodeIgniter\CodeIgniter->handleRequest(null, Object(Config\Cache), false)
 9 FCPATH\index.php(55): CodeIgniter\CodeIgniter->run()
10 SYSTEMPATH\Commands\Server\rewrite.php(43): require_once('FCPATH\\index.php')
CRITICAL - 2025-12-09 00:40:07 --> Trying to access array offset on value of type null
in APPPATH\Views\home.php on line 19.
 1 APPPATH\Views\home.php(19): CodeIgniter\Debug\Exceptions->errorHandler(8, 'Trying to access array offset on value of type null', 'APPPATH\\Views\\home.php', 19, [...])
 2 SYSTEMPATH\View\View.php(213): include('APPPATH\\Views\\home.php')
 3 SYSTEMPATH\View\View.php(216): CodeIgniter\View\View->CodeIgniter\View\{closure}()
 4 SYSTEMPATH\Common.php(1135): CodeIgniter\View\View->render('home', [], true)
 5 APPPATH\Controllers\Home.php(25): view('home', [...])
 6 SYSTEMPATH\CodeIgniter.php(898): App\Controllers\Home->index()
 7 SYSTEMPATH\CodeIgniter.php(468): CodeIgniter\CodeIgniter->runController(Object(App\Controllers\Home))
 8 SYSTEMPATH\CodeIgniter.php(351): CodeIgniter\CodeIgniter->handleRequest(null, Object(Config\Cache), false)
 9 FCPATH\index.php(55): CodeIgniter\CodeIgniter->run()
10 SYSTEMPATH\Commands\Server\rewrite.php(43): require_once('FCPATH\\index.php')
CRITICAL - 2025-12-09 03:40:54 --> A non-numeric value encountered
in APPPATH\Controllers\Register.php on line 63.
 1 APPPATH\Controllers\Register.php(63): CodeIgniter\Debug\Exceptions->errorHandler(2, 'A non-numeric value encountered', 'APPPATH\\Controllers\\Register.php', 63, [])
 2 SYSTEMPATH\CodeIgniter.php(898): App\Controllers\Register->process()
 3 SYSTEMPATH\CodeIgniter.php(468): CodeIgniter\CodeIgniter->runController(Object(App\Controllers\Register))
 4 SYSTEMPATH\CodeIgniter.php(351): CodeIgniter\CodeIgniter->handleRequest(null, Object(Config\Cache), false)
 5 FCPATH\index.php(55): CodeIgniter\CodeIgniter->run()
 6 SYSTEMPATH\Commands\Server\rewrite.php(43): require_once('FCPATH\\index.php')
CRITICAL - 2025-12-09 16:20:51 --> Undefined offset: 12345
in APPPATH\Views\home.php on line 66.
 1 APPPATH\Views\home.php(66): CodeIgniter\Debug\Exceptions->errorHandler(8, 'Undefined offset: 12345', 'APPPATH\\Views\\home.php', 66, [...])
 2 SYSTEMPATH\View\View.php(213): include('APPPATH\\Views\\home.php')
 3 SYSTEMPATH\View\View.php(216): CodeIgniter\View\View->CodeIgniter\View\{closure}()
 4 SYSTEMPATH\Common.php(1135): CodeIgniter\View\View->render('home', [], true)
 5 APPPATH\Controllers\Home.php(32): view('home', [...])
 6 SYSTEMPATH\CodeIgniter.php(898): App\Controllers\Home->index()
 7 SYSTEMPATH\CodeIgniter.php(468): CodeIgniter\CodeIgniter->runController(Object(App\Controllers\Home))
 8 SYSTEMPATH\CodeIgniter.php(351): CodeIgniter\CodeIgniter->handleRequest(null, Object(Config\Cache), false)
 9 FCPATH\index.php(55): CodeIgniter\CodeIgniter->run()
10 SYSTEMPATH\Commands\Server\rewrite.php(43): require_once('FCPATH\\index.php')
CRITICAL - 2025-12-09 16:22:54 --> Call to a member function getUser() on array
in APPPATH\Views\home.php on line 66.
 1 SYSTEMPATH\View\View.php(213): include()
 2 SYSTEMPATH\View\View.php(216): CodeIgniter\View\View->CodeIgniter\View\{closure}()
 3 SYSTEMPATH\Common.php(1135): CodeIgniter\View\View->render('home', [], true)
 4 APPPATH\Controllers\Home.php(32): view('home', [...])
 5 SYSTEMPATH\CodeIgniter.php(898): App\Controllers\Home->index()
 6 SYSTEMPATH\CodeIgniter.php(468): CodeIgniter\CodeIgniter->runController(Object(App\Controllers\Home))
 7 SYSTEMPATH\CodeIgniter.php(351): CodeIgniter\CodeIgniter->handleRequest(null, Object(Config\Cache), false)
 8 FCPATH\index.php(55): CodeIgniter\CodeIgniter->run()
 9 SYSTEMPATH\Commands\Server\rewrite.php(43): require_once('FCPATH\\index.php')
CRITICAL - 2025-12-09 16:24:00 --> Trying to get property 'usermodel' of non-object
in APPPATH\Views\home.php on line 66.
 1 APPPATH\Views\home.php(66): CodeIgniter\Debug\Exceptions->errorHandler(8, 'Trying to get property \'usermodel\' of non-object', 'APPPATH\\Views\\home.php', 66, [...])
 2 SYSTEMPATH\View\View.php(213): include('APPPATH\\Views\\home.php')
 3 SYSTEMPATH\View\View.php(216): CodeIgniter\View\View->CodeIgniter\View\{closure}()
 4 SYSTEMPATH\Common.php(1135): CodeIgniter\View\View->render('home', [], true)
 5 APPPATH\Controllers\Home.php(32): view('home', [...])
 6 SYSTEMPATH\CodeIgniter.php(898): App\Controllers\Home->index()
 7 SYSTEMPATH\CodeIgniter.php(468): CodeIgniter\CodeIgniter->runController(Object(App\Controllers\Home))
 8 SYSTEMPATH\CodeIgniter.php(351): CodeIgniter\CodeIgniter->handleRequest(null, Object(Config\Cache), false)
 9 FCPATH\index.php(55): CodeIgniter\CodeIgniter->run()
10 SYSTEMPATH\Commands\Server\rewrite.php(43): require_once('FCPATH\\index.php')
CRITICAL - 2025-12-09 16:25:29 --> Trying to get property 'usermodel' of non-object
in APPPATH\Views\home.php on line 66.
 1 APPPATH\Views\home.php(66): CodeIgniter\Debug\Exceptions->errorHandler(8, 'Trying to get property \'usermodel\' of non-object', 'APPPATH\\Views\\home.php', 66, [...])
 2 SYSTEMPATH\View\View.php(213): include('APPPATH\\Views\\home.php')
 3 SYSTEMPATH\View\View.php(216): CodeIgniter\View\View->CodeIgniter\View\{closure}()
 4 SYSTEMPATH\Common.php(1135): CodeIgniter\View\View->render('home', [], true)
 5 APPPATH\Controllers\Home.php(32): view('home', [...])
 6 SYSTEMPATH\CodeIgniter.php(898): App\Controllers\Home->index()
 7 SYSTEMPATH\CodeIgniter.php(468): CodeIgniter\CodeIgniter->runController(Object(App\Controllers\Home))
 8 SYSTEMPATH\CodeIgniter.php(351): CodeIgniter\CodeIgniter->handleRequest(null, Object(Config\Cache), false)
 9 FCPATH\index.php(55): CodeIgniter\CodeIgniter->run()
10 SYSTEMPATH\Commands\Server\rewrite.php(43): require_once('FCPATH\\index.php')
CRITICAL - 2025-12-09 16:41:45 --> array_multisort(): Argument #3 is expected to be an array or a sort flag
in APPPATH\Controllers\Home.php on line 26.
 1 [internal function]: CodeIgniter\Debug\Exceptions->errorHandler(2, 'array_multisort(): Argument #3 is expected to be an array or a sort flag', 'APPPATH\\Controllers\\Home.php', 26, [...])
 2 APPPATH\Controllers\Home.php(26): array_multisort([...], 4, null)
 3 SYSTEMPATH\CodeIgniter.php(898): App\Controllers\Home->index()
 4 SYSTEMPATH\CodeIgniter.php(468): CodeIgniter\CodeIgniter->runController(Object(App\Controllers\Home))
 5 SYSTEMPATH\CodeIgniter.php(351): CodeIgniter\CodeIgniter->handleRequest(null, Object(Config\Cache), false)
 6 FCPATH\index.php(55): CodeIgniter\CodeIgniter->run()
 7 SYSTEMPATH\Commands\Server\rewrite.php(43): require_once('FCPATH\\index.php')
